2011-3-28 3:05:14	General	Register default types in Unity

2011-3-28 3:05:58	General	1@live.cn

2011-3-28 3:26:10	General	Register default types in Unity

2011-3-28 3:27:04	General	1@live.cn

2011-3-28 3:34:11	General	1@live.cn

2011-3-28 5:17:55	General	1@live.cn

2011-3-28 9:08:41	General	Register default types in Unity

2011-3-28 9:09:28	General	1@live.cn

2011-3-28 9:22:29	General	Register default types in Unity

2011-3-28 9:22:41	General	1@live.cn

2011-3-28 9:22:50	General	1@live.cn

2011-3-30 2:00:52	General	Register default types in Unity

2011-3-30 2:01:12	General	1@live.cn

2011-3-30 2:01:33	General	DeleteWidgetInstance 622

2011-3-30 2:04:52	General	1@live.cn

2011-3-30 2:06:24	General	DeleteWidgetInstance 622

2011-3-30 2:07:00	General	1@live.cn

2011-3-30 2:07:13	General	DeleteWidgetInstance 622

2011-3-30 2:14:56	General	1@live.cn

2011-3-30 2:15:06	General	DeleteWidgetInstance 622

2011-3-30 2:15:30	General	1@live.cn

2011-3-30 2:15:42	General	DeleteWidgetInstance 622

2011-3-30 2:40:32	General	DeleteWidgetInstance 580

2011-3-30 3:55:41	General	Register default types in Unity

2011-3-30 3:56:04	General	1@live.cn

2011-3-30 3:56:35	General	DeleteWidgetInstance 622

2011-3-30 3:58:40	General	1@live.cn

2011-3-30 3:58:49	General	DeleteWidgetInstance 622

2011-3-30 4:00:22	General	1@live.cn

2011-3-30 4:00:31	General	DeleteWidgetInstance 622

2011-3-30 6:09:36	General	1@live.cn

2011-3-30 6:10:08	General	DeleteWidgetInstance 622

2011-3-30 6:10:29	General	1@live.cn

2011-3-30 6:18:07	General	1@live.cn

2011-3-30 6:19:57	General	1@live.cn

2011-3-30 6:20:59	General	1@live.cn

2011-3-30 6:21:59	General	1@live.cn

2011-3-30 6:22:58	General	1@live.cn

2011-3-30 6:27:24	General	1@live.cn

2011-3-30 6:29:45	General	1@live.cn

2011-3-30 6:31:56	General	1@live.cn

2011-3-30 6:34:23	General	DeleteWidgetInstance 622

2011-3-30 8:29:53	General	Register default types in Unity

2011-3-30 8:30:58	General	1@live.cn

2011-3-30 8:31:15	General	DeleteWidgetInstance 622

2011-3-30 8:32:02	General	1@live.cn

2011-3-30 8:32:09	General	DeleteWidgetInstance 622

2011-3-30 8:33:43	General	1@live.cn

2011-3-30 8:33:59	General	DeleteWidgetInstance 622

2011-3-30 8:34:18	General	1@live.cn

2011-3-30 8:34:26	General	DeleteWidgetInstance 622

2011-3-30 8:36:13	General	1@live.cn

2011-3-30 8:36:45	General	DeleteWidgetInstance 622

2011-3-30 8:37:22	General	1@live.cn

2011-3-30 8:38:20	General	DeleteWidgetInstance 622

2011-3-30 8:38:39	General	1@live.cn

2011-3-30 8:39:44	General	DeleteWidgetInstance 622

2011-3-30 8:40:11	General	1@live.cn

2011-3-30 8:40:57	General	DeleteWidgetInstance 622

2011-3-30 8:41:21	General	1@live.cn

2011-3-30 8:42:52	General	DeleteWidgetInstance 622

2011-3-31 4:41:02	General	Register default types in Unity

2011-3-31 4:41:22	General	1@live.cn

2011-3-31 4:41:50	General	1@live.cn

2011-3-31 4:41:52	General	1@live.cn

2011-3-31 4:54:43	General	1@live.cn

2011-3-31 4:54:46	General	1@live.cn

2011-3-31 4:56:04	General	1@live.cn

2011-3-31 4:56:06	General	1@live.cn

2011-3-31 5:41:06	General	1@live.cn

2011-3-31 5:41:25	General	DeleteWidgetInstance 622

2011-3-31 5:41:29	General	DeleteWidgetInstance 580

2011-3-31 8:18:22	General	Register default types in Unity

2011-4-2 1:40:35	General	Register default types in Unity

2011-4-2 1:42:21	General	Register default types in Unity

2011-4-2 2:00:25	General	Register default types in Unity

2011-4-2 2:44:39	General	Register default types in Unity

2011-4-2 2:53:40	General	Register default types in Unity

2011-4-5 3:09:06	General	Register default types in Unity

2011-4-5 5:29:11	General	Register default types in Unity

2011-4-6 2:03:10	General	Register default types in Unity

2011-4-6 2:05:56	General	Register default types in Unity

2011-4-7 12:20:18	General	Register default types in Unity

2011-4-7 13:00:08	General	Register default types in Unity

2011-4-7 13:09:18	General	Register default types in Unity

2011-4-7 13:25:28	General	Register default types in Unity

2011-4-7 13:49:51	General	Register default types in Unity

2011-4-7 13:55:08	General	Register default types in Unity

2011-4-7 13:59:59	General	Register default types in Unity

2011-4-8 1:23:45	General	Register default types in Unity

2011-4-8 1:27:57	General	Register default types in Unity

2011-4-8 1:36:43	General	Register default types in Unity

2011-4-8 1:42:00	General	Register default types in Unity

2011-4-8 1:46:46	General	Register default types in Unity

2011-4-8 1:58:51	General	Register default types in Unity

2011-4-12 8:01:13	General	Register default types in Unity

2011-4-12 8:03:17	General	Register default types in Unity

2011-4-12 8:04:17	General	Register default types in Unity

2011-4-12 8:05:32	General	Register default types in Unity

2011-4-12 9:32:21	General	Register default types in Unity

2011-4-13 1:52:09	General	Register default types in Unity

2011-4-13 9:55:31	General	Register default types in Unity

2011-4-14 2:10:07	General	Register default types in Unity

2011-4-14 3:41:00	General	Register default types in Unity

2011-4-14 10:49:02	General	Register default types in Unity

2011-4-15 3:15:16	General	Register default types in Unity

2011-4-18 7:39:54	General	Register default types in Unity

2011-4-18 7:52:01	General	Register default types in Unity

2011-4-18 8:46:32	General	Register default types in Unity

2011-4-19 9:20:53	General	Register default types in Unity

2011-4-20 1:53:39	General	Register default types in Unity

2011-4-20 6:45:16	General	Register default types in Unity

2011-4-20 6:46:47	General	Register default types in Unity

2011-4-20 6:53:50	General	Register default types in Unity

2011-4-20 7:23:32	General	Register default types in Unity

2011-4-20 7:24:47	General	Register default types in Unity

2011-4-20 7:26:28	General	Register default types in Unity

2011-4-20 7:29:04	General	Register default types in Unity

2011-4-25 2:48:50	General	Register default types in Unity

2011-4-27 6:59:21	General	Register default types in Unity

2011-4-27 7:35:46	General	Register default types in Unity

2011-4-27 8:08:55	General	Register default types in Unity

2011-4-27 8:18:12	General	Register default types in Unity

2011-4-27 8:19:46	General	Register default types in Unity

2011-4-27 8:20:40	General	Register default types in Unity

2011-5-3 5:32:03	General	Register default types in Unity

2011-5-3 8:21:25	General	Register default types in Unity

2011-5-3 8:25:36	General	Register default types in Unity

2011-5-3 8:26:54	General	Register default types in Unity

2011-5-3 8:41:07	General	Register default types in Unity

2011-5-3 9:13:09	General	Register default types in Unity

2011-5-5 3:28:37	General	Register default types in Unity

2011-5-5 3:47:19	General	Register default types in Unity

2011-5-5 3:49:14	General	Register default types in Unity

2011-5-5 3:51:52	General	Register default types in Unity

2011-5-5 6:31:18	General	Register default types in Unity

2011-5-5 6:52:26	General	Register default types in Unity

2011-5-5 7:18:23	General	Register default types in Unity

2011-5-5 8:19:21	General	admin

2011-5-5 9:02:16	General	Register default types in Unity

2011-5-5 9:04:28	General	Register default types in Unity

2011-5-5 9:08:16	General	admin

2011-5-11 2:19:48	General	Register default types in Unity

2011-5-11 2:44:16	General	Register default types in Unity

2011-5-11 6:29:35	General	Register default types in Unity

2011-5-11 10:08:33	General	Register default types in Unity

2011-5-11 10:12:27	General	Register default types in Unity

2011-5-11 10:14:16	General	Register default types in Unity

2011-5-13 7:42:23	General	Register default types in Unity

2011-5-13 7:44:14	General	admin

2011-5-13 7:47:40	General	admin

2011-5-16 9:21:30	General	Register default types in Unity

2011-5-16 12:01:23	General	Register default types in Unity

2011-5-17 6:44:06	General	Register default types in Unity

2011-5-18 7:43:46	General	Register default types in Unity

2011-5-19 2:17:42	General	Register default types in Unity

2011-5-20 6:00:39	General	Register default types in Unity

2011-5-20 6:43:21	General	Register default types in Unity

2011-5-20 6:44:58	General	Register default types in Unity

2011-5-20 7:31:23	General	Register default types in Unity

2011-5-20 9:39:10	General	Register default types in Unity

2011-5-23 1:44:54	General	Register default types in Unity

2011-5-25 2:05:06	General	Register default types in Unity

2011-5-25 8:18:31	General	Register default types in Unity

2011-5-26 7:58:31	General	Register default types in Unity

2011-5-31 8:58:28	General	Register default types in Unity

2011-5-31 9:05:15	General	Register default types in Unity

2011-5-31 9:15:12	General	Register default types in Unity

2011-6-13 8:12:34	General	Register default types in Unity

2011-6-13 8:49:00	General	Register default types in Unity

2011-6-13 9:24:24	General	Register default types in Unity

2011-6-14 6:31:02	General	Register default types in Unity

2011-6-15 12:07:39	General	Register default types in Unity

2011-6-15 12:41:41	General	Register default types in Unity

2011-6-15 12:58:22	General	Register default types in Unity

2011-6-16 1:46:12	General	Register default types in Unity

2011-6-16 2:10:14	General	Register default types in Unity

2011-6-16 2:18:12	General	Register default types in Unity

2011-6-16 2:37:31	General	Register default types in Unity

2011-6-16 4:05:02	General	Register default types in Unity

2011-6-16 5:46:35	General	Register default types in Unity

2011-6-17 3:25:48	General	Register default types in Unity

2011-7-6 7:09:51	General	Register default types in Unity

2011-7-6 7:19:55	General	Register default types in Unity

2011-7-6 7:28:35	General	Register default types in Unity

2011-7-6 7:55:03	General	Register default types in Unity

2011-7-6 8:08:54	General	Register default types in Unity

2011-7-20 9:56:56	General	Register default types in Unity

2011-8-15 2:46:31	General	Register default types in Unity

2011-8-15 3:10:47	General	admin

2011-8-15 5:13:47	General	DeleteWidgetInstance 622

2011-8-15 6:13:46	General	admin

2011-8-15 6:14:03	General	admin

2011-8-15 6:14:25	General	admin

2011-8-17 7:42:40	General	Register default types in Unity

2011-8-17 7:53:49	General	admin

2011-8-17 8:24:19	General	Register default types in Unity

2011-9-13 10:50:37	General	Register default types in Unity

2011-9-13 10:50:57	General	admin

2011-9-14 12:49:57	General	Register default types in Unity

2011-9-14 12:50:23	General	admin

2011-9-14 12:52:33	General	admin

2011-9-14 13:09:41	General	admin

2011-9-14 13:30:42	General	admin

2011-9-14 13:32:22	General	admin

2011-9-14 13:33:44	General	admin

2011-9-14 13:34:07	General	admin

2011-9-14 13:34:21	General	admin

2011-9-14 13:34:34	General	admin

2011-9-16 9:20:54	General	Register default types in Unity

2011-9-16 9:33:35	General	admin

2011-9-20 6:17:47	General	Register default types in Unity

2011-9-20 6:18:16	General	admin

2011-9-20 6:21:45	General	admin

2011-9-20 6:22:22	General	admin

2011-9-20 6:26:45	General	admin

2011-9-20 7:01:27	General	admin

2011-9-20 7:35:25	General	admin

2011-9-20 7:36:17	General	admin

2011-9-20 7:49:21	General	admin

2011-9-20 8:01:51	General	admin

2011-9-20 8:42:29	General	admin

2011-9-20 8:43:17	General	admin

2011-9-20 8:46:49	General	admin

2011-9-20 8:47:39	General	admin

2011-9-20 8:48:22	General	admin

2011-9-20 8:50:18	General	admin

2011-9-20 8:50:47	General	admin

2011-9-20 8:51:19	General	admin

2011-9-20 10:00:58	General	Register default types in Unity

2011-9-20 10:02:19	General	admin

2011-9-22 6:47:16	General	Register default types in Unity

2011-9-22 6:47:39	General	admin

2011-9-22 6:50:55	General	admin

2011-9-22 6:51:31	General	admin

2011-9-22 6:52:17	General	admin

2011-9-22 6:52:45	General	admin

2011-9-22 6:53:04	General	admin

2011-9-22 6:53:31	General	admin

2011-9-22 6:55:16	General	admin

2011-9-22 6:55:48	General	admin

2011-9-22 6:56:03	General	admin

2011-9-22 6:56:19	General	admin

2011-9-22 6:56:44	General	admin

2011-9-22 6:58:34	General	admin

2011-9-22 7:01:50	General	Register default types in Unity

2011-9-22 7:02:02	General	admin

2011-9-22 7:03:45	General	DeleteWidgetInstance 959

2011-9-22 7:03:48	General	admin

2011-9-22 7:04:20	General	admin

2011-9-22 7:05:01	General	admin

2011-9-22 7:21:25	General	admin

2011-9-22 7:22:04	General	admin

2011-9-22 7:35:39	General	admin

2011-9-22 7:35:53	General	admin

2011-9-22 7:38:50	General	admin

2011-9-22 7:44:13	General	admin

2011-9-22 7:44:25	General	admin

2011-9-22 7:47:06	General	admin

2011-9-22 7:47:13	General	admin

2011-9-22 7:49:46	General	admin

2011-9-22 7:56:06	General	admin

2011-9-22 7:58:32	General	ChangeWidgetTitle 961 今日舆情推送

2011-9-22 8:07:11	General	admin

2011-9-22 8:08:10	General	admin

2011-9-22 8:22:30	General	Register default types in Unity

2011-9-22 8:22:40	General	admin

2011-9-22 8:29:26	General	admin

2011-9-22 8:34:48	General	admin

2011-9-22 8:37:57	General	admin

2011-9-22 8:39:07	General	admin

2011-9-22 8:47:45	General	admin

2011-9-22 8:50:46	General	admin

2011-9-22 8:54:07	General	admin

2011-9-22 8:56:57	General	admin

2011-9-22 9:00:56	General	admin

2011-9-22 9:12:48	General	admin

2011-9-23 1:51:23	General	Register default types in Unity

2011-9-23 1:52:07	General	admin

2011-9-23 1:56:37	General	admin

2011-9-23 1:56:54	General	admin

2011-9-23 10:07:02	General	Register default types in Unity

2011-9-23 10:07:21	General	admin

2011-9-23 10:07:46	General	admin

2011-9-23 10:08:13	General	admin

2011-10-17 6:12:08	General	Register default types in Unity

2011-10-17 6:27:28	General	Register default types in Unity

2011-10-17 6:29:31	General	Register default types in Unity

2011-10-17 6:32:14	General	Register default types in Unity

2011-10-17 6:35:20	General	Register default types in Unity

2011-10-17 6:37:30	General	Register default types in Unity

2011-10-17 6:41:52	General	Register default types in Unity

2011-10-17 6:42:28	General	admin

2011-10-17 6:45:07	General	admin

2011-10-17 6:46:02	General	Register default types in Unity

2011-10-17 8:38:10	General	Register default types in Unity

2011-10-17 8:39:16	General	admin

2011-10-17 8:39:37	General	admin

2011-10-21 5:56:03	General	Register default types in Unity

2011-10-21 6:03:39	General	Register default types in Unity

2011-10-21 6:09:08	General	admin

2011-10-21 7:43:05	General	DeleteWidgetInstance 759

2011-10-25 5:04:18	General	Register default types in Unity

2011-10-25 5:04:47	General	admin

2011-10-25 7:42:09	General	Register default types in Unity

2011-10-25 7:42:14	General	admin

2011-10-25 9:13:28	General	Register default types in Unity

2011-10-25 9:13:42	General	admin

2011-10-25 9:17:49	General	admin

2011-10-25 9:19:38	General	admin

2011-10-25 9:46:21	General	admin

2011-10-25 9:47:16	General	admin

2011-10-25 9:56:25	General	admin

2011-10-25 9:56:31	General	admin

2011-10-25 9:56:40	General	管理员

2011-10-25 9:58:08	General	管理员

2011-10-25 10:01:39	General	管理员

2011-10-25 10:03:44	General	Register default types in Unity

2011-10-25 10:03:50	General	管理员

2011-10-25 10:08:31	General	管理员

2011-10-25 10:18:30	General	Register default types in Unity

2011-10-25 10:18:44	General	管理员

2011-10-25 10:19:12	General	Register default types in Unity

2011-10-25 10:38:48	General	Register default types in Unity

2011-10-25 10:47:10	General	Register default types in Unity

2011-10-25 10:47:41	General	管理员

2011-10-25 10:54:34	General	Register default types in Unity

2011-10-25 10:54:38	General	管理员

2011-10-25 10:55:31	General	管理员

2011-10-25 11:00:19	General	管理员

2011-10-26 1:40:45	General	Register default types in Unity

2011-10-26 1:41:32	General	管理员

2011-10-27 8:33:31	General	Register default types in Unity

2011-10-27 13:15:27	General	Register default types in Unity

2011-10-27 13:33:25	General	Register default types in Unity

2011-10-27 13:34:53	General	Register default types in Unity

2011-10-27 14:10:18	General	Register default types in Unity

2011-10-27 14:11:17	General	Register default types in Unity

2011-10-27 14:14:04	General	Register default types in Unity

2011-10-27 14:14:39	General	Register default types in Unity

2011-10-27 14:18:28	General	Register default types in Unity

2011-10-27 14:20:55	General	Register default types in Unity

2011-10-28 2:05:38	General	Register default types in Unity

2011-10-28 2:18:09	General	Register default types in Unity

2011-11-17 8:25:22	General	Register default types in Unity

2011/11/17 9:03:50	General	Register default types in Unity

2011/11/17 9:05:59	General	管理员

2011/11/17 9:07:11	General	管理员

2011/11/17 9:08:41	General	DeleteWidgetInstance 219

2011/11/17 9:08:43	General	DeleteWidgetInstance 219

2011/11/17 9:09:00	General	DeleteWidgetInstance 219

2011/11/17 9:09:01	General	DeleteWidgetInstance 219

2011/11/17 9:09:03	General	DeleteWidgetInstance 219

2011/11/17 9:09:06	General	管理员

2011/11/17 9:09:20	General	DeleteWidgetInstance 218

2011/11/17 9:09:21	General	DeleteWidgetInstance 219

2011/11/17 9:09:22	General	DeleteWidgetInstance 219

2011/11/17 9:09:24	General	DeleteWidgetInstance 218

2011/11/17 9:09:26	General	DeleteWidgetInstance 218

2011/11/17 9:09:30	General	DeleteWidgetInstance 218

2011/11/17 9:09:34	General	DeleteWidgetInstance 219

2011/11/17 9:09:40	General	DeleteWidgetInstance 218

2011/11/17 9:09:42	General	DeleteWidgetInstance 218

2011/11/17 9:09:59	General	管理员

2011/11/17 9:10:15	General	DeleteWidgetInstance 219

2011/11/17 9:10:16	General	DeleteWidgetInstance 219

2011/11/17 9:10:17	General	DeleteWidgetInstance 219

2011/11/17 9:10:56	General	DeleteWidgetInstance 219

2011/11/17 9:10:58	General	DeleteWidgetInstance 219

2011/11/17 9:11:01	General	DeleteWidgetInstance 218

2011/11/17 9:11:02	General	DeleteWidgetInstance 219

2011/11/17 9:11:03	General	DeleteWidgetInstance 218

2011/11/17 9:11:05	General	DeleteWidgetInstance 218

2011/11/17 9:11:06	General	DeleteWidgetInstance 218

2011/11/17 9:11:09	General	DeleteWidgetInstance 218

2011/11/17 9:13:47	General	DeleteWidgetInstance 218

2011/11/17 9:14:08	General	管理员

2011/11/17 9:14:27	General	管理员

2011/11/17 9:14:46	General	管理员

2011/11/17 9:15:59	General	管理员

2011/11/17 9:16:56	General	管理员

2011/11/17 9:17:19	General	DeleteWidgetInstance 219

2011/11/17 9:17:21	General	DeleteWidgetInstance 218

2011/11/17 9:17:23	General	DeleteWidgetInstance 218

2011/11/17 9:17:24	General	DeleteWidgetInstance 218

2011/11/17 9:17:26	General	DeleteWidgetInstance 218

2011/11/17 9:17:28	General	DeleteWidgetInstance 218

2011/11/17 9:17:30	General	DeleteWidgetInstance 218

2011/11/17 9:17:38	General	DeleteWidgetInstance 218

2011/11/17 9:19:00	General	管理员

2011/11/17 9:19:18	General	DeleteWidgetInstance 1017

2011/11/17 9:19:24	General	DeleteWidgetInstance 1017

2011/11/17 9:19:43	General	管理员

2011/11/17 9:19:58	General	管理员

2011/11/17 9:20:14	General	DeleteWidgetInstance 1017

2011/11/17 9:20:15	General	DeleteWidgetInstance 1017

2011/11/17 9:20:15	General	管理员

2011/11/17 9:20:31	General	管理员

2011/11/17 9:20:48	General	Begin: MoveTab 135 3

2011/11/17 9:20:51	General	End: MoveTab -28796710.8118

2011/11/17 9:20:51	General	Begin: MoveTab 615 4

2011/11/17 9:20:55	General	End: MoveTab -28796164.7806

2011/11/17 9:20:55	General	Begin: MoveTab 135 0

2011/11/17 9:20:59	General	End: MoveTab -28796053.7743

2011/11/17 9:20:59	General	管理员

2011/11/17 9:21:16	General	管理员

2011/11/17 9:21:31	General	Begin: MoveTab 135 3

2011/11/17 9:21:33	General	End: MoveTab -28797749.8713

2011/11/17 9:21:33	General	Begin: MoveTab 175 2

2011/11/17 9:21:36	General	End: MoveTab -28796889.8221

2011/11/17 9:21:36	General	Begin: MoveTab 118 1

2011/11/17 9:21:39	General	End: MoveTab -28796799.817

2011/11/17 9:21:39	General	管理员

2011/11/17 9:21:52	General	Begin: MoveTab 135 4

2011/11/17 9:21:54	General	End: MoveTab -28797775.8728

2011/11/17 9:21:54	General	管理员

2011/11/17 9:22:06	General	Begin: MoveTab 135 3

2011/11/17 9:22:09	General	End: MoveTab -28797275.8442

2011/11/17 9:22:09	General	Begin: MoveTab 135 4

2011/11/17 9:22:11	General	End: MoveTab -28797852.8772

2011/11/17 9:22:11	General	Begin: MoveTab 615 4

2011/11/17 9:22:13	General	End: MoveTab -28797773.8726

2011/11/17 9:22:13	General	管理员

2011/11/17 9:22:25	General	Begin: MoveTab 615 4

2011/11/17 9:22:28	General	End: MoveTab -28797344.8481

2011/11/17 9:22:28	General	Begin: MoveTab 135 3

2011/11/17 9:22:30	General	End: MoveTab -28797250.8428

2011/11/17 9:22:30	General	管理员

2011/11/17 9:22:42	General	管理员

2011/11/17 9:22:53	General	Begin: MoveTab 135 1

2011/11/17 9:22:56	General	End: MoveTab -28797155.8373

2011/11/17 9:22:56	General	DeleteWidgetInstance 1017

2011/11/17 9:22:57	General	Begin: MoveTab 615 4

2011/11/17 9:22:59	General	End: MoveTab -28797651.8657

2011/11/17 9:22:59	General	Begin: MoveTab 135 3

2011/11/17 9:23:02	General	End: MoveTab -28797311.8462

2011/11/17 9:23:38	General	DeleteWidgetInstance 1017

2011/11/17 9:28:22	General	DeleteWidgetInstance 1017

2011/11/17 9:28:23	General	DeleteWidgetInstance 758

2011/11/17 9:28:26	General	DeleteWidgetInstance 758

2011/11/17 9:28:33	General	管理员

2011/11/17 9:28:52	General	管理员

2011/11/17 9:29:11	General	管理员

2011/11/17 9:29:32	General	管理员

2011/11/17 9:29:41	General	Begin: MoveTab 118 0

2011/11/17 9:29:44	General	End: MoveTab -28796739.8135

2011/11/17 9:29:49	General	Begin: MoveTab 118 0

2011/11/17 9:29:52	General	End: MoveTab -28796954.8258

2011/11/17 9:31:13	General	管理员

2011/11/17 9:31:48	General	Begin: MoveTab 116 2

2011/11/17 9:31:51	General	End: MoveTab -28797064.8321

2011/11/17 9:31:52	General	Begin: MoveTab 116 0

2011/11/17 9:31:56	General	End: MoveTab -28796134.7789

2011/11/17 9:32:34	General	管理员

2011/11/17 9:33:41	General	DeleteWidgetInstance 758

2011/11/17 10:06:07	General	Begin: MoveTab 175 3

2011/11/17 10:06:10	General	End: MoveTab -28797504.8573

2011/11/17 10:06:46	General	DeleteWidgetInstance 1017

2011/11/17 10:06:47	General	DeleteWidgetInstance 1017

2011/11/17 10:06:49	General	DeleteWidgetInstance 1017

2011/11/17 10:06:50	General	DeleteWidgetInstance 1017

2011/11/17 10:06:51	General	DeleteWidgetInstance 1017

2011/11/17 10:06:53	General	DeleteWidgetInstance 1017

2011/11/17 10:06:55	General	DeleteWidgetInstance 758

2011/11/17 10:06:56	General	DeleteWidgetInstance 1017

2011/11/17 10:06:57	General	DeleteWidgetInstance 1017

2011/11/17 10:06:58	General	DeleteWidgetInstance 758

2011/11/17 10:07:01	General	DeleteWidgetInstance 1017

2011/11/17 10:07:01	General	DeleteWidgetInstance 758

2011/11/17 10:07:02	General	DeleteWidgetInstance 758

2011/11/17 10:07:05	General	DeleteWidgetInstance 758

2011/11/17 10:07:06	General	DeleteWidgetInstance 758

2011/11/17 10:07:07	General	DeleteWidgetInstance 1017

2011/11/17 10:07:08	General	DeleteWidgetInstance 758

2011/11/17 10:07:09	General	DeleteWidgetInstance 758

2011/11/17 10:07:11	General	DeleteWidgetInstance 1017

2011/11/17 10:07:11	General	DeleteWidgetInstance 1017

2011/11/17 10:07:12	General	DeleteWidgetInstance 758

2011/11/17 10:07:24	General	DeleteWidgetInstance 1017

2011/11/17 10:07:26	General	DeleteWidgetInstance 758

2011/11/17 10:07:29	General	DeleteWidgetInstance 758

2011/11/17 10:08:26	General	管理员

2011/11/17 10:09:25	General	管理员

2011/11/17 10:09:44	General	管理员

2011/11/17 10:10:05	General	管理员

2011/11/17 10:10:17	General	管理员

2011/11/17 10:10:26	General	管理员

2011/11/17 10:10:44	General	管理员

2011/11/17 10:10:57	General	管理员

2011/11/17 10:11:11	General	管理员

2011/11/17 10:20:21	General	DeleteWidgetInstance 211

2011/11/17 10:20:23	General	DeleteWidgetInstance 739

2011/11/17 10:20:24	General	DeleteWidgetInstance 211

2011/11/17 10:20:44	General	管理员

2011/11/18 3:33:56	General	Register default types in Unity

2011/11/18 3:34:11	General	管理员

2011/11/18 3:34:33	General	管理员

2011/11/18 3:34:45	General	管理员

2011/11/18 3:34:57	General	管理员

2011/11/18 3:35:09	General	管理员

2011/11/18 3:35:29	General	管理员

2011/11/18 3:35:44	General	管理员

2011/11/18 3:36:12	General	Begin: MoveTab 655 4

2011/11/18 3:36:18	General	End: MoveTab -28793937.6533

2011/11/18 3:36:19	General	Begin: MoveTab 116 0

2011/11/18 3:36:24	General	End: MoveTab -28794332.6759

2011/11/18 3:36:24	General	管理员

2011/11/18 3:36:37	General	DeleteWidgetInstance 765

2011/11/18 3:36:37	General	管理员

2011/11/18 3:36:51	General	管理员

2011/11/18 3:37:03	General	Begin: MoveTab 135 3

2011/11/18 3:37:05	General	End: MoveTab -28797891.8794

2011/11/18 3:37:05	General	Begin: MoveTab 135 3

2011/11/18 3:37:07	General	End: MoveTab -28797979.8844

2011/11/18 3:37:07	General	DeleteWidgetInstance 1038

2011/11/18 6:23:12	General	管理员

2011/11/18 6:24:13	General	管理员

2011/11/18 6:24:58	General	管理员

2011/11/18 6:25:21	General	管理员

2011/11/18 6:25:37	General	管理员

2011/11/18 6:26:07	General	管理员

2011/11/18 6:26:39	General	管理员

2011/11/18 6:26:55	General	管理员

2011/11/18 6:27:28	General	管理员

2011/11/18 6:27:29	General	管理员

2011/11/18 6:27:57	General	管理员

2011/11/18 6:31:36	General	管理员

2011/11/18 6:42:05	General	管理员

2011/11/18 6:42:32	General	DeleteWidgetInstance 219

2011/11/18 6:46:11	General	管理员

2011/11/18 6:46:43	General	管理员

2011/11/18 6:49:16	General	管理员

2011/11/18 6:50:15	General	管理员

2011/11/18 6:50:46	General	DeleteWidgetInstance 1037

2011/11/18 6:50:51	General	DeleteWidgetInstance 218

2011/11/18 6:50:54	General	DeleteWidgetInstance 219

2011/11/18 6:50:57	General	DeleteWidgetInstance 219

2011/11/18 6:52:31	General	管理员

2011/11/18 6:54:22	General	DeleteWidgetInstance 219

2011/11/18 6:54:25	General	管理员

2011/11/18 6:55:01	General	管理员

2011/11/18 6:55:36	General	管理员

2011/11/18 6:55:58	General	管理员

2011/11/18 7:52:20	General	管理员

2011/11/18 7:53:15	General	管理员

2011/11/18 7:56:09	General	管理员

2011/11/18 7:56:31	General	管理员

