2011/11/18 8:11:20	General	Register default types in Unity

2011/11/18 8:11:22	General	管理员

2011/11/18 8:23:53	General	管理员

2011/11/18 8:24:10	General	管理员

2011/11/18 8:27:24	General	管理员

2011/11/18 8:27:57	General	管理员

2011/11/18 8:28:22	General	管理员

2011/11/18 8:29:02	General	管理员

2011/11/18 8:32:37	General	管理员

2011/11/18 8:41:42	General	2

2011/11/18 8:56:06	General	管理员

2011/11/18 9:01:56	General	3

2011/11/18 9:11:35	General	管理员

2011/11/18 9:18:00	General	222

2011/11/18 9:30:12	General	6

2011/11/18 9:30:46	General	6

2011/11/18 9:31:06	General	6

2011/11/18 9:31:38	General	6

2011/11/18 9:52:45	General	2

2011/11/18 9:54:16	General	2

2011/11/18 9:55:29	General	2

2011/11/18 10:02:41	General	管理员

2011/11/18 10:03:55	General	u1

2011/11/18 10:04:05	General	u1

2011/11/21 7:17:49	General	Register default types in Unity

2011/11/21 7:18:11	General	管理员

2011/11/21 7:18:58	General	管理员

2011/11/21 7:20:01	General	管理员

2011/11/21 7:20:54	General	管理员

2011/11/21 7:22:21	General	u1

2011/11/21 7:22:53	General	u1

2011/11/21 7:23:27	General	u1

2011/11/21 7:23:47	General	u1

2011/11/21 7:28:54	General	u1

2011/11/21 7:29:04	General	u1

2011/11/21 7:30:03	General	u1

2011/11/21 7:46:45	General	管理员

2011/11/21 7:47:57	General	管理员

2011/11/21 7:51:47	General	管理员

2011/11/21 7:52:21	General	管理员

2011/11/21 7:54:24	General	管理员

2011/11/21 7:54:39	General	管理员

2011/11/21 7:54:53	General	管理员

2011/11/21 7:55:10	General	管理员

2011/11/21 7:55:28	General	管理员

2011/11/21 7:57:13	General	管理员

2011/11/21 7:59:21	General	管理员

2011/11/21 7:59:48	General	管理员

2011/11/21 8:00:07	General	管理员

2011/11/21 8:03:49	General	管理员

2011/11/21 8:04:18	General	管理员

2011/11/21 8:04:37	General	管理员

2011/11/21 8:04:51	General	管理员

2011/11/21 8:05:13	General	管理员

2011/11/21 8:06:57	General	管理员

2011/11/21 8:28:43	General	管理员

2011/11/21 8:29:27	General	管理员

2011/11/21 8:31:39	General	管理员

2011/11/21 8:35:55	General	管理员

2011/11/21 8:59:40	General	管理员

2011/11/21 9:00:47	General	管理员

2011/11/21 9:03:09	General	管理员

2011/11/21 9:03:21	General	管理员

2011/11/21 9:04:23	General	管理员

2011/11/21 9:30:27	General	管理员

2011/11/21 9:44:35	General	管理员

2011/11/21 9:46:22	General	管理员

2011/11/22 2:13:04	General	Register default types in Unity

2011/11/22 2:13:23	General	管理员

2011/11/22 2:16:24	General	管理员

2011/11/22 2:17:19	General	管理员

2011/11/22 2:18:35	General	管理员

2011/11/22 2:19:22	General	管理员

2011/11/22 2:20:28	General	管理员

2011/11/22 8:32:34	General	管理员

2011/11/22 8:33:01	General	管理员

2011/11/22 9:45:13	General	管理员

2011/11/22 9:45:50	General	管理员

2011/11/22 9:46:48	General	管理员

2011/11/22 9:48:47	General	管理员

2011/11/22 9:49:18	General	管理员

2011/11/22 9:49:54	General	管理员

2011/11/22 9:50:57	General	管理员

2011/11/22 9:52:48	General	管理员

2011/11/22 9:55:52	General	管理员

2011/11/22 9:56:38	General	管理员

2011/11/23 2:33:08	General	Register default types in Unity

2011/11/23 2:33:20	General	管理员

2011/11/24 7:10:58	General	Register default types in Unity

2011/11/24 8:01:27	General	Register default types in Unity

2011/11/24 8:09:53	General	Register default types in Unity

2011/11/24 8:10:04	General	管理员

2011/11/24 8:17:52	General	Register default types in Unity

2011/11/24 8:21:51	General	Register default types in Unity

2011/11/24 8:21:59	General	管理员

2011/11/24 8:29:35	General	Register default types in Unity

2011/11/25 1:59:27	General	Register default types in Unity

2011/11/25 2:42:08	General	管理员

2011/11/25 2:53:40	General	Register default types in Unity

2011/11/25 2:53:55	General	管理员

2011/11/25 2:54:19	General	Register default types in Unity

2011/11/25 2:56:27	General	管理员

2011/11/25 2:57:33	General	管理员

2011/11/25 2:58:23	General	管理员

2011/11/25 3:00:55	General	管理员

2011/11/25 3:01:11	General	管理员

2011/11/25 3:03:29	General	管理员

2011/11/25 3:03:41	General	管理员

2011/11/25 3:06:59	General	管理员

2011/11/25 3:07:20	General	管理员

2011/11/25 3:07:43	General	管理员

2011/11/25 3:08:38	General	管理员

2011/11/25 3:09:19	General	管理员

2011/11/25 5:43:06	General	Register default types in Unity

2011/11/25 6:01:34	General	管理员

2011/11/25 6:07:30	General	管理员

2011/11/25 6:08:18	General	Begin: MoveTab 116 0

2011/11/25 6:08:22	General	End: MoveTab -28796595.8053

2011/11/25 6:08:22	General	Begin: MoveTab 116 0

2011/11/25 6:08:27	General	End: MoveTab -28795318.7322

2011/11/25 6:08:27	General	管理员

2011/11/25 6:09:25	General	管理员

2011/11/25 6:19:43	General	管理员

2011/11/25 6:24:25	General	管理员

2011/11/25 6:25:51	General	管理员

2011/11/25 6:26:13	General	管理员

2011/11/25 6:26:44	General	管理员

2011/11/25 6:27:09	General	管理员

2011/11/25 6:27:48	General	管理员

2011/11/25 6:32:16	General	Register default types in Unity

2011/11/25 6:32:21	General	管理员

2011/11/25 6:33:00	General	管理员

2011/11/25 6:33:55	General	管理员

2011/11/25 6:34:16	General	管理员

2011/11/25 6:34:36	General	管理员

2011/11/25 6:36:44	General	管理员

2011/11/25 6:37:07	General	管理员

2011/11/25 6:37:32	General	管理员

2011/11/25 6:38:53	General	管理员

2011/11/25 6:39:11	General	管理员

2011/11/25 6:40:20	General	管理员

2011/11/25 6:40:38	General	管理员

2011/11/25 6:40:58	General	管理员

2011/11/25 6:41:34	General	管理员

2011/11/25 6:41:59	General	管理员

2011/11/25 6:42:14	General	DeleteWidgetInstance 1038

2011/11/25 6:42:14	General	管理员

2011/11/25 6:42:26	General	管理员

2011/11/25 6:42:38	General	管理员

2011/11/25 6:42:57	General	管理员

2011/11/25 6:46:05	General	管理员

2011/11/25 6:46:24	General	管理员

2011/11/25 6:46:43	General	管理员

2012/5/3 3:12:03	General	Register default types in Unity

2012/5/7 2:40:50	General	Register default types in Unity

2012/5/7 2:55:07	General	Register default types in Unity

2012/5/7 8:52:27	General	Register default types in Unity

2012/5/8 3:56:43	General	Register default types in Unity

2012/5/8 5:07:56	General	Register default types in Unity

2012/5/8 5:14:39	General	Register default types in Unity

2012/5/8 5:14:59	General	管理员

2012/5/14 8:08:17	General	Register default types in Unity

2012/5/14 8:08:23	General	管理员

2012/5/14 8:29:40	General	Register default types in Unity

2012/5/21 2:40:28	General	Register default types in Unity

2012/5/21 2:40:45	General	管理员

2012/5/21 2:41:22	General	管理员

2012/5/21 2:41:40	General	管理员

2012/5/21 2:42:05	General	管理员

2012/5/21 2:42:23	General	管理员

2012/5/21 2:42:43	General	管理员

2012/5/21 2:42:58	General	管理员

2012/5/21 2:44:34	General	管理员

2012/5/21 2:49:30	General	管理员

2012/5/21 2:49:47	General	管理员

2012/5/21 3:02:03	General	管理员

2012/5/21 3:02:28	General	管理员

2012/5/21 3:03:26	General	管理员

2012/5/21 3:05:25	General	管理员

2012/5/21 7:51:17	General	管理员

2012/5/21 7:51:38	General	管理员

2012/5/21 7:51:52	General	管理员

2012/5/21 8:10:22	General	Register default types in Unity

2012/5/21 8:10:30	General	管理员

2012/5/21 8:11:59	General	Register default types in Unity

2012/5/21 8:19:24	General	管理员

2012/5/22 3:06:56	General	Register default types in Unity

2012/5/22 3:07:04	General	管理员

2012/5/23 3:14:32	General	Register default types in Unity

2012/5/23 3:14:38	General	管理员

2012/6/1 9:56:38	General	Register default types in Unity

2012/6/15 7:47:56	General	Register default types in Unity

2012/6/15 7:49:57	General	管理员

2012/7/17 3:26:11	General	Register default types in Unity

2012/7/17 3:26:33	General	管理员

2012/7/30 6:38:55	General	Register default types in Unity

2012/7/30 6:40:29	General	管理员

2012/8/1 5:05:41	General	Register default types in Unity

2012/8/1 5:06:34	General	管理员

2012/8/1 5:46:22	General	Register default types in Unity

2012/8/1 5:46:51	General	管理员

2012/8/1 5:47:15	General	管理员

2012/8/1 5:53:47	General	管理员

2012/8/1 5:54:13	General	管理员

2012/8/2 1:32:25	General	Register default types in Unity

2012/8/2 3:09:09	General	管理员

2012/8/2 8:08:58	General	Register default types in Unity

2012/8/2 8:15:27	General	Register default types in Unity

2012/8/2 8:28:47	General	Register default types in Unity

2012/8/2 8:35:11	General	Register default types in Unity

2012/8/2 8:37:26	General	Register default types in Unity

2012/8/2 9:42:13	General	Register default types in Unity

2012/8/3 1:39:36	General	Register default types in Unity

2012/8/3 1:53:14	General	Register default types in Unity

2012/8/3 3:12:05	General	管理员

2012/8/3 6:07:00	General	管理员

2012/8/3 6:08:44	General	管理员

2012/8/3 6:18:34	General	管理员

2012/8/3 6:20:03	General	管理员

2012/8/3 6:29:17	General	管理员

2012/8/3 7:54:38	General	管理员

2012/8/3 9:31:29	General	管理员

2012/8/3 10:13:45	General	管理员

2012/8/3 10:17:24	General	管理员

2012/8/3 10:22:32	General	管理员

2012/8/6 2:03:10	General	Register default types in Unity

2012/8/9 9:45:51	General	Register default types in Unity

2012/8/10 1:53:42	General	Register default types in Unity

2012/8/10 5:09:13	General	管理员

2012/8/10 5:11:43	General	管理员

2012/8/10 9:19:13	General	管理员

2012/8/10 9:40:02	General	Register default types in Unity

2012/8/10 9:40:07	General	管理员

2012/8/13 1:22:44	General	Register default types in Unity

2012/8/13 1:44:48	General	Register default types in Unity

2012/8/13 2:01:13	General	Register default types in Unity

2012/8/13 8:04:31	General	Register default types in Unity

2012/8/13 9:18:27	General	Register default types in Unity

2012/8/14 1:07:06	General	Register default types in Unity

2012/8/14 3:38:31	General	管理员

2012/8/14 3:39:12	General	管理员

2012/8/14 3:40:34	General	管理员

2012/8/21 8:19:15	General	Register default types in Unity

2012/8/21 8:19:50	General	管理员

2012/8/21 8:20:49	General	管理员

2012/8/21 8:36:03	General	管理员

2012/8/21 8:36:42	General	DeleteWidgetInstance 1478

2012/8/21 8:36:44	General	管理员

2012/8/21 8:37:19	General	管理员

2012/8/21 8:37:46	General	DeleteWidgetInstance 1445

2012/8/21 9:11:08	General	管理员

2012/8/22 2:27:35	General	Register default types in Unity

2012/9/3 6:01:43	General	Register default types in Unity

2012/9/3 6:02:25	General	管理员

2012/9/3 6:03:32	General	管理员

2012/9/3 6:05:42	General	管理员

2012/9/7 5:20:03	General	Register default types in Unity

2012/9/7 5:20:14	General	管理员

2012/9/7 7:37:54	General	Register default types in Unity

2012/9/7 7:55:16	General	Register default types in Unity

2012/9/7 8:14:36	General	Register default types in Unity

2012/9/10 3:24:13	General	Register default types in Unity

2012/9/10 6:45:57	General	管理员

2012/9/10 6:53:46	General	管理员

2012/9/10 7:03:10	General	管理员

2012/9/10 7:03:35	General	管理员

2012/9/10 7:04:50	General	管理员

2012/9/10 7:20:39	General	管理员

2012/9/10 7:21:16	General	管理员

2012/9/10 7:24:59	General	管理员

2012/9/10 7:31:04	General	管理员

2012/9/10 7:31:58	General	管理员

2012/9/10 7:35:28	General	管理员

2012/9/10 7:36:05	General	管理员

2012/9/10 7:36:26	General	管理员

2012/9/10 7:38:29	General	管理员

2012/9/10 7:40:03	General	管理员

2012/9/10 7:51:31	General	管理员

2012/9/10 7:56:16	General	管理员

2012/9/11 3:49:03	General	Register default types in Unity

2012/9/11 7:57:19	General	Register default types in Unity

2012/9/11 8:32:04	General	Register default types in Unity

2012/9/11 10:21:21	General	Register default types in Unity

2012/9/11 10:25:28	General	Register default types in Unity

2012/9/11 10:27:50	General	Register default types in Unity

2012/9/11 10:39:20	General	Register default types in Unity

2012/9/12 2:04:45	General	Register default types in Unity

2012/9/12 3:11:02	General	Register default types in Unity

2012/9/12 4:45:37	General	Register default types in Unity

2012/9/12 4:55:39	General	Register default types in Unity

2012/9/12 5:43:58	General	Register default types in Unity

2012/9/12 6:53:11	General	管理员

2012/9/12 6:53:11	General	管理员

2012/9/13 2:35:49	General	Register default types in Unity

2012/9/13 3:02:13	General	Register default types in Unity

2012/9/13 3:53:00	General	Register default types in Unity

2012/9/13 6:08:57	General	管理员

2012/9/15 1:36:03	General	Register default types in Unity

2012/10/10 6:26:57	General	Register default types in Unity

2012/10/10 6:29:39	General	Register default types in Unity

2012/10/10 6:31:18	General	Register default types in Unity

2012/10/10 6:50:32	General	管理员

2012/10/10 7:36:36	General	管理员

2012/10/10 9:37:31	General	管理员

2012/10/18 8:48:48	General	Register default types in Unity

2012/10/25 5:15:22	General	Register default types in Unity

2012/10/25 5:47:40	General	Register default types in Unity

2012/10/25 5:49:36	General	Register default types in Unity

2012/10/30 9:16:35	General	Register default types in Unity

2012/10/30 9:19:10	General	管理员

2012/10/30 9:19:52	General	管理员

2012/10/31 3:45:31	General	Register default types in Unity

2012/10/31 3:49:33	General	Register default types in Unity

2012/10/31 5:14:12	General	Register default types in Unity

2012/10/31 5:16:12	General	管理员

2012/10/31 5:22:02	General	Register default types in Unity

2012/10/31 5:32:18	General	Register default types in Unity

2012/10/31 5:39:35	General	Register default types in Unity

2012/10/31 5:48:43	General	Register default types in Unity

2012/10/31 6:45:50	General	Register default types in Unity

2012/10/31 8:20:40	General	Register default types in Unity

2012/10/31 8:23:23	General	Register default types in Unity

2012/10/31 10:04:26	General	Register default types in Unity

2012/11/1 2:57:12	General	Register default types in Unity

2012/11/1 3:02:49	General	Register default types in Unity

2012/11/1 5:49:52	General	Register default types in Unity

2012/11/1 6:15:05	General	Register default types in Unity

2012/11/1 6:57:45	General	Register default types in Unity

2012/11/1 7:12:59	General	Register default types in Unity

2012/11/1 7:16:24	General	Register default types in Unity

2012/11/1 7:26:04	General	Register default types in Unity

2012/11/1 8:05:31	General	管理员

2012/11/1 8:48:49	General	管理员

2012/11/1 8:48:57	General	管理员

2012/11/1 8:49:00	General	管理员

2012/11/1 8:49:35	General	管理员

2012/11/1 8:49:35	General	管理员

2012/11/1 9:00:30	General	管理员

2012/11/1 9:00:31	General	管理员

2012/11/1 9:00:36	General	管理员

2012/11/1 9:00:37	General	管理员

2012/11/1 9:00:38	General	管理员

2012/11/1 9:00:38	General	管理员

2012/11/1 9:00:39	General	管理员

2012/11/1 9:00:41	General	管理员

2012/11/1 9:00:43	General	管理员

2012/11/1 9:00:45	General	管理员

2012/11/1 10:03:00	General	Register default types in Unity

2012/11/2 2:29:54	General	Register default types in Unity

2012/11/2 2:37:17	General	Register default types in Unity

2012/11/2 2:52:51	General	Register default types in Unity

2012/11/2 3:00:23	General	Register default types in Unity

2012/11/2 3:13:19	General	Register default types in Unity

2012/11/2 3:18:21	General	管理员

2012/11/2 3:47:42	General	管理员

2012/11/2 4:00:52	General	Register default types in Unity

2012/11/2 4:11:40	General	Register default types in Unity

2012/11/5 2:01:08	General	Register default types in Unity

2012/11/5 2:39:15	General	Register default types in Unity

2012/11/6 3:51:36	General	Register default types in Unity

2012/11/6 3:52:21	General	管理员

2012/11/6 6:11:06	General	Register default types in Unity

2012/11/8 3:35:30	General	Register default types in Unity

2012/11/8 3:42:23	General	Register default types in Unity

2013/4/11 9:15:10	General	Register default types in Unity

2013/5/20 6:31:53	General	Register default types in Unity

2013/5/20 6:32:29	General	管理员

2013/5/29 5:07:42	General	Register default types in Unity

2013/5/29 5:07:46	General	管理员

2013/5/29 5:08:33	General	管理员

2013/5/29 5:13:02	General	管理员

2013/5/29 6:04:01	General	Register default types in Unity

2013/6/19 3:34:31	General	Register default types in Unity

2013/6/19 3:34:59	General	管理员

2013/6/24 8:22:31	General	Register default types in Unity

2013/6/24 8:23:31	General	管理员

2013/6/24 8:25:32	General	Register default types in Unity

2013/6/24 8:31:22	General	Register default types in Unity

2013/6/24 8:31:37	General	管理员

2013/6/24 8:47:20	General	管理员

2013/6/24 8:53:50	General	管理员

2013/6/25 7:23:00	General	Register default types in Unity

2013/6/26 2:52:04	General	Register default types in Unity

2013/6/26 2:52:08	General	管理员

2013/6/26 2:58:40	General	Register default types in Unity

2013/6/26 4:05:20	General	管理员

2013/6/26 4:28:34	General	Register default types in Unity

2013/6/26 4:28:37	General	管理员

2013/6/26 4:30:58	General	Register default types in Unity

2013/6/28 6:03:30	General	Register default types in Unity

2013/6/28 6:46:48	General	Register default types in Unity

2013/6/28 7:06:57	General	Register default types in Unity

2013/6/28 7:48:05	General	Register default types in Unity

2013/7/1 2:45:25	General	Register default types in Unity

2013/7/1 3:05:47	General	Register default types in Unity

2013/7/1 8:47:47	General	Register default types in Unity

2013/7/2 2:06:57	General	Register default types in Unity

2013/7/2 2:08:20	General	管理员

2013/7/2 2:16:18	General	Register default types in Unity

2013/7/2 3:22:01	General	Register default types in Unity

2013/7/2 8:42:18	General	管理员

2013/7/26 9:21:05	General	Register default types in Unity

2013/7/26 9:21:51	General	管理员

2013/7/26 9:22:10	General	管理员

2013/8/2 3:24:37	General	Register default types in Unity

2013/8/2 3:25:11	General	管理员

2013/8/2 3:25:40	General	管理员

2013/8/2 3:55:38	General	管理员

2013/8/2 3:55:52	General	管理员

2013/8/2 4:10:45	General	管理员

2013/8/2 4:11:00	General	管理员

2013/8/2 4:11:11	General	管理员

2013/8/2 4:11:24	General	管理员

2013/8/2 4:24:13	General	管理员

2013/8/6 5:13:47	General	Register default types in Unity

2013/8/6 5:14:21	General	管理员

2013/8/6 5:14:37	General	管理员

2013/8/6 5:27:59	General	管理员

2013/8/7 7:26:07	General	Register default types in Unity

2013/8/8 6:54:25	General	Register default types in Unity

2013/8/8 6:55:08	General	管理员

2013/8/8 6:55:57	General	管理员

2013/8/8 7:03:03	General	管理员

2013/8/8 7:03:32	General	管理员

2013/8/8 7:04:17	General	管理员

2013/8/8 7:04:33	General	管理员

2013/8/8 7:05:21	General	管理员

2013/8/8 7:06:20	General	管理员

2013/8/8 7:06:44	General	管理员

2013/8/8 7:09:57	General	管理员

2013/8/8 7:10:29	General	管理员

2013/8/8 7:10:54	General	管理员

2013/8/8 7:11:09	General	管理员

2013/8/8 7:11:24	General	管理员

2013/8/8 7:11:39	General	管理员

2013/8/8 8:09:32	General	Register default types in Unity

2013/8/8 8:25:04	General	管理员

2013/8/8 10:00:43	General	管理员

2013/8/8 10:11:59	General	管理员

2013/8/9 6:22:50	General	Register default types in Unity

2013/8/9 6:22:58	General	管理员

2013/8/13 2:24:40	General	Register default types in Unity

2013/8/13 7:28:50	General	管理员

2013/8/13 7:34:41	General	管理员

2013/8/16 2:39:16	General	Register default types in Unity

2013/8/16 2:39:20	General	管理员

2013/8/16 3:03:01	General	Register default types in Unity

2013/8/16 3:36:46	General	Register default types in Unity

2013/8/16 3:36:51	General	管理员

2013/8/16 5:27:38	General	Register default types in Unity

2013/8/16 5:35:26	General	Register default types in Unity

2013/8/16 5:42:35	General	Register default types in Unity

2013/8/16 6:23:35	General	管理员

2013/8/16 7:01:11	General	Register default types in Unity

2013/8/16 7:05:31	General	Register default types in Unity

2013/8/16 7:10:32	General	管理员

2013/8/16 7:24:58	General	Register default types in Unity

2013/8/16 7:25:14	General	Register default types in Unity

2013/8/16 7:48:06	General	Register default types in Unity

2013/8/16 7:57:26	General	Register default types in Unity

2013/8/16 9:51:05	General	管理员

2013/8/19 8:06:18	General	Register default types in Unity

2013/8/20 2:30:13	General	Register default types in Unity

2013/8/20 3:07:11	General	Register default types in Unity

2013/8/20 3:49:43	General	管理员

2013/8/20 3:50:15	General	管理员

2013/8/23 9:47:38	General	Register default types in Unity

2013/8/26 3:03:02	General	Register default types in Unity

2013/8/26 3:32:18	General	管理员

2013/8/26 3:34:28	General	管理员

2013/8/26 6:38:36	General	Register default types in Unity

2013/8/26 6:59:28	General	Register default types in Unity

2013/8/26 7:14:26	General	Register default types in Unity

2013/8/26 7:15:33	General	Register default types in Unity

2013/10/29 7:42:06	General	Register default types in Unity

2013/10/29 7:44:57	General	Register default types in Unity

2013/10/30 9:36:13	General	Register default types in Unity

2013/10/30 9:36:33	General	Register default types in Unity

2013/11/28 7:44:40	General	Register default types in Unity

2013/12/11 7:33:59	General	Register default types in Unity

2013/12/26 6:57:13	General	Register default types in Unity

2013/12/30 4:57:01	General	Register default types in Unity

2013/12/30 5:09:15	General	Register default types in Unity

2013/12/30 5:10:10	General	管理员

2013/12/30 5:10:23	General	管理员

2013/12/30 5:10:31	General	管理员

2013/12/31 1:59:19	General	Register default types in Unity

2014/1/2 3:02:36	General	Register default types in Unity

2014/1/3 2:39:41	General	Register default types in Unity

2014/1/3 7:20:55	General	Register default types in Unity

2014/1/6 8:11:24	General	Register default types in Unity

2014/1/8 4:50:27	General	Register default types in Unity

2014/1/8 4:50:43	General	管理员

2014/1/8 5:24:03	General	Register default types in Unity

2014/1/8 5:49:38	General	管理员

2014/1/8 8:31:39	General	管理员

2014/1/8 8:31:49	General	管理员

2014/1/8 8:36:04	General	Register default types in Unity

2014/1/8 8:41:01	General	Register default types in Unity

2014/1/8 9:01:26	General	管理员

2014/1/9 2:39:38	General	Register default types in Unity

2014/1/9 2:55:03	General	管理员

2014/1/9 3:04:54	General	Register default types in Unity

2014/1/9 9:58:59	General	Register default types in Unity

2014/1/10 6:58:05	General	Register default types in Unity

2014/1/10 7:04:59	General	Register default types in Unity

2014/1/13 2:32:07	General	Register default types in Unity

2014/1/13 2:45:12	General	Register default types in Unity

2014/1/13 2:45:41	General	管理员

2014/4/11 7:04:39	General	Register default types in Unity

2014/4/11 7:08:44	General	Register default types in Unity

2014/4/11 7:09:22	General	管理员

2014/4/11 7:09:48	General	DeleteWidgetInstance 437

2014/4/11 7:09:49	General	DeleteWidgetInstance 415

2014/4/11 7:09:54	General	DeleteWidgetInstance 415

2014/4/11 7:09:58	General	DeleteWidgetInstance 437

2014/4/11 7:10:15	General	管理员

2014/4/11 7:11:28	General	管理员

2014/4/11 7:14:30	General	管理员

2014/4/18 8:39:06	General	Register default types in Unity

2014/7/14 6:05:37	General	Register default types in Unity

2014/7/14 6:08:06	General	Register default types in Unity

2014/7/14 7:29:58	General	Register default types in Unity

2014/7/14 7:32:09	General	Register default types in Unity

2014/7/14 7:34:57	General	Register default types in Unity

2014/7/14 7:38:59	General	Register default types in Unity

2014/7/14 7:39:28	General	Register default types in Unity

2014/7/14 8:17:46	General	Register default types in Unity

2014/7/14 8:37:58	General	Register default types in Unity

2015/2/27 10:22:31	General	Register default types in Unity

2015/2/27 10:28:58	General	Register default types in Unity

2015/2/27 10:33:52	General	Register default types in Unity

2015/3/3 2:31:56	General	Register default types in Unity

