----------------------------------------
Timestamp: 2011/11/21 8:05:13
Message: HandlingInstanceID: 24ec114f-c06b-45a8-8e2d-f9100e7de31d
An exception of type 'System.Threading.ThreadAbortException' occurred and was caught.
-------------------------------------------------------------------------------------
11/21/2011 16:05:13
Type : System.Threading.ThreadAbortException, mscorlib, Version=2.0.0.0, Culture=neutral, PublicKeyToken=b77a5c561934e089
Message : 正在中止线程。
Source : mscorlib
Help link : 
ExceptionState : System.Web.HttpApplication+CancelModuleException
Data : System.Collections.ListDictionaryInternal
TargetSite : Void AbortInternal()
Stack Trace :    在 System.Threading.Thread.AbortInternal()
   在 System.Threading.Thread.Abort(Object stateInfo)
   在 System.Web.HttpResponse.End()
   在 System.Web.HttpResponse.Redirect(String url, Boolean endResponse)
   在 System.Web.HttpResponse.Redirect(String url)
   在 TabControlPanel.RedirectToTab(PageEntity Tab) 位置 d:\项目\anjian\Dropthings\TabControlPanel.ascx.cs:行号 250
   在 TabControlPanel.<DeleteTabLinkButton_Clicked>b__1() 位置 d:\项目\anjian\Dropthings\TabControlPanel.ascx.cs:行号 241
   在 OmarALZabir.AspectF.AspectExtensions.<>c__DisplayClass47.<TrapLogThrow>b__46(Action work) 位置 D:\work\RND\AspectF\AspectF_Src\AspectF\AspectF.cs:行号 383

Additional Info:

MachineName : TONY_GUO
TimeStamp : 2011/11/21 8:05:13
FullName : Microsoft.Practices.EnterpriseLibrary.ExceptionHandling, Version=4.1.0.0, Culture=neutral, PublicKeyToken=31bf3856ad364e35
AppDomainName : 562db8d-1-129663334593011064
ThreadIdentity : TONY_GUO\Administrator
WindowsIdentity : TONY_GUO\Administrator

Category: Exception
Priority: 0
EventId: 100
Severity: Error
Title:Log Exception
Machine: TONY_GUO
Application Domain: 562db8d-1-129663334593011064
Process Id: 7920
Process Name: C:\Program Files\Common Files\Microsoft Shared\DevServer\9.0\WebDev.WebServer.EXE
Win32 Thread Id: 5232
Thread Name: 
Extended Properties: 
----------------------------------------
----------------------------------------
Timestamp: 2011/11/22 2:20:38
Message: HandlingInstanceID: 4ad521c4-c7b7-4c3c-b778-f12d160ccce1
An exception of type 'System.Threading.ThreadAbortException' occurred and was caught.
-------------------------------------------------------------------------------------
11/22/2011 10:20:38
Type : System.Threading.ThreadAbortException, mscorlib, Version=2.0.0.0, Culture=neutral, PublicKeyToken=b77a5c561934e089
Message : 正在中止线程。
Source : mscorlib
Help link : 
ExceptionState : System.Web.HttpApplication+CancelModuleException
Data : System.Collections.ListDictionaryInternal
TargetSite : Void AbortInternal()
Stack Trace :    在 System.Threading.Thread.AbortInternal()
   在 System.Threading.Thread.Abort(Object stateInfo)
   在 System.Web.HttpResponse.End()
   在 System.Web.HttpResponse.Redirect(String url, Boolean endResponse)
   在 System.Web.HttpResponse.Redirect(String url)
   在 _Default.LoadUserPageSetup(Boolean noCache) 位置 d:\项目\anjian\Dropthings\Default.aspx.cs:行号 148
   在 _Default.<>c__DisplayClass6.<CreateChildControls>b__3() 位置 d:\项目\anjian\Dropthings\Default.aspx.cs:行号 130
   在 OmarALZabir.AspectF.AspectExtensions.<>c__DisplayClass38.<Log>b__37(Action work) 位置 D:\work\RND\AspectF\AspectF_Src\AspectF\AspectF.cs:行号 307
   在 OmarALZabir.AspectF.AspectF.<>c__DisplayClass4.<>c__DisplayClass6.<Combine>b__1() 位置 D:\work\RND\AspectF\AspectF_Src\AspectF\AspectF.cs:行号 62
   在 OmarALZabir.AspectF.AspectExtensions.Retry(Int32 retryDuration, Int32 retryCount, Action`1 errorHandler, Action`1 retryFailed, Action work, ILogger logger) 位置 D:\work\RND\AspectF\AspectF_Src\AspectF\AspectF.cs:行号 191

Additional Info:

MachineName : TONY_GUO
TimeStamp : 2011/11/22 2:20:38
FullName : Microsoft.Practices.EnterpriseLibrary.ExceptionHandling, Version=4.1.0.0, Culture=neutral, PublicKeyToken=31bf3856ad364e35
AppDomainName : 562db8d-1-129664015718297536
ThreadIdentity : TONY_GUO\Administrator
WindowsIdentity : TONY_GUO\Administrator

Category: Exception
Priority: 0
EventId: 100
Severity: Error
Title:Log Exception
Machine: TONY_GUO
Application Domain: 562db8d-1-129664015718297536
Process Id: 4268
Process Name: C:\Program Files\Common Files\Microsoft Shared\DevServer\9.0\WebDev.WebServer.EXE
Win32 Thread Id: 1800
Thread Name: 
Extended Properties: 
----------------------------------------
----------------------------------------
Timestamp: 2011/11/22 9:50:35
Message: HandlingInstanceID: 6d5a1e88-a482-4a4c-8c35-22618a9f570b
An exception of type 'System.Threading.ThreadAbortException' occurred and was caught.
-------------------------------------------------------------------------------------
11/22/2011 17:50:34
Type : System.Threading.ThreadAbortException, mscorlib, Version=2.0.0.0, Culture=neutral, PublicKeyToken=b77a5c561934e089
Message : 正在中止线程。
Source : mscorlib
Help link : 
ExceptionState : System.Web.HttpApplication+CancelModuleException
Data : System.Collections.ListDictionaryInternal
TargetSite : Void AbortInternal()
Stack Trace :    在 System.Threading.Thread.AbortInternal()
   在 System.Threading.Thread.Abort(Object stateInfo)
   在 System.Web.HttpResponse.End()
   在 System.Web.HttpResponse.Redirect(String url, Boolean endResponse)
   在 System.Web.HttpResponse.Redirect(String url)
   在 _Default.LoadUserPageSetup(Boolean noCache) 位置 d:\项目\anjian\Dropthings\Default.aspx.cs:行号 149
   在 _Default.<>c__DisplayClass6.<CreateChildControls>b__3() 位置 d:\项目\anjian\Dropthings\Default.aspx.cs:行号 130
   在 OmarALZabir.AspectF.AspectExtensions.<>c__DisplayClass38.<Log>b__37(Action work) 位置 D:\work\RND\AspectF\AspectF_Src\AspectF\AspectF.cs:行号 307
   在 OmarALZabir.AspectF.AspectF.<>c__DisplayClass4.<>c__DisplayClass6.<Combine>b__1() 位置 D:\work\RND\AspectF\AspectF_Src\AspectF\AspectF.cs:行号 62
   在 OmarALZabir.AspectF.AspectExtensions.Retry(Int32 retryDuration, Int32 retryCount, Action`1 errorHandler, Action`1 retryFailed, Action work, ILogger logger) 位置 D:\work\RND\AspectF\AspectF_Src\AspectF\AspectF.cs:行号 191

Additional Info:

MachineName : TONY_GUO
TimeStamp : 2011/11/22 9:50:35
FullName : Microsoft.Practices.EnterpriseLibrary.ExceptionHandling, Version=4.1.0.0, Culture=neutral, PublicKeyToken=31bf3856ad364e35
AppDomainName : 562db8d-1-129664015718297536
ThreadIdentity : TONY_GUO\Administrator
WindowsIdentity : TONY_GUO\Administrator

Category: Exception
Priority: 0
EventId: 100
Severity: Error
Title:Log Exception
Machine: TONY_GUO
Application Domain: 562db8d-1-129664015718297536
Process Id: 4268
Process Name: C:\Program Files\Common Files\Microsoft Shared\DevServer\9.0\WebDev.WebServer.EXE
Win32 Thread Id: 3116
Thread Name: 
Extended Properties: 
----------------------------------------
----------------------------------------
Timestamp: 2011/11/22 9:55:53
Message: HandlingInstanceID: df3b451c-2b73-400b-a7a8-1f65a0eab82b
An exception of type 'System.Threading.ThreadAbortException' occurred and was caught.
-------------------------------------------------------------------------------------
11/22/2011 17:55:53
Type : System.Threading.ThreadAbortException, mscorlib, Version=2.0.0.0, Culture=neutral, PublicKeyToken=b77a5c561934e089
Message : 正在中止线程。
Source : mscorlib
Help link : 
ExceptionState : System.Web.HttpApplication+CancelModuleException
Data : System.Collections.ListDictionaryInternal
TargetSite : Void AbortInternal()
Stack Trace :    在 System.Threading.Thread.AbortInternal()
   在 System.Threading.Thread.Abort(Object stateInfo)
   在 System.Web.HttpResponse.End()
   在 System.Web.HttpResponse.Redirect(String url, Boolean endResponse)
   在 System.Web.HttpResponse.Redirect(String url)
   在 _Default.LoadUserPageSetup(Boolean noCache) 位置 d:\项目\anjian\Dropthings\Default.aspx.cs:行号 149
   在 _Default.<>c__DisplayClass6.<CreateChildControls>b__3() 位置 d:\项目\anjian\Dropthings\Default.aspx.cs:行号 130
   在 OmarALZabir.AspectF.AspectExtensions.<>c__DisplayClass38.<Log>b__37(Action work) 位置 D:\work\RND\AspectF\AspectF_Src\AspectF\AspectF.cs:行号 307
   在 OmarALZabir.AspectF.AspectF.<>c__DisplayClass4.<>c__DisplayClass6.<Combine>b__1() 位置 D:\work\RND\AspectF\AspectF_Src\AspectF\AspectF.cs:行号 62
   在 OmarALZabir.AspectF.AspectExtensions.Retry(Int32 retryDuration, Int32 retryCount, Action`1 errorHandler, Action`1 retryFailed, Action work, ILogger logger) 位置 D:\work\RND\AspectF\AspectF_Src\AspectF\AspectF.cs:行号 191

Additional Info:

MachineName : TONY_GUO
TimeStamp : 2011/11/22 9:55:53
FullName : Microsoft.Practices.EnterpriseLibrary.ExceptionHandling, Version=4.1.0.0, Culture=neutral, PublicKeyToken=31bf3856ad364e35
AppDomainName : 562db8d-1-129664015718297536
ThreadIdentity : TONY_GUO\Administrator
WindowsIdentity : TONY_GUO\Administrator

Category: Exception
Priority: 0
EventId: 100
Severity: Error
Title:Log Exception
Machine: TONY_GUO
Application Domain: 562db8d-1-129664015718297536
Process Id: 4268
Process Name: C:\Program Files\Common Files\Microsoft Shared\DevServer\9.0\WebDev.WebServer.EXE
Win32 Thread Id: 2584
Thread Name: 
Extended Properties: 
----------------------------------------
----------------------------------------
Timestamp: 2011/11/25 2:56:29
Message: HandlingInstanceID: 717d513c-5995-4e8c-9c04-c1129b155c13
An exception of type 'Oracle.DataAccess.Client.OracleException' occurred and was caught.
----------------------------------------------------------------------------------------
11/25/2011 10:56:29
Type : Oracle.DataAccess.Client.OracleException, Oracle.DataAccess, Version=2.112.1.0, Culture=neutral, PublicKeyToken=89b483f429c47342
Message : ORA-03135: 连接失去联系
进程 ID: 0
会话 ID: 124 序列号: 53391
Source : Oracle Data Provider for .NET
Help link : 
Errors : Oracle.DataAccess.Client.OracleErrorCollection
DataSource : orcl
Procedure : 
Number : 3135
ErrorCode : -2147467259
Data : System.Collections.ListDictionaryInternal
TargetSite : Void HandleErrorHelper(Int32, Oracle.DataAccess.Client.OracleConnection, IntPtr, Oracle.DataAccess.Client.OpoSqlValCtx*, System.Object, System.String, Boolean)
Stack Trace :    在 Oracle.DataAccess.Client.OracleException.HandleErrorHelper(Int32 errCode, OracleConnection conn, IntPtr opsErrCtx, OpoSqlValCtx* pOpoSqlValCtx, Object src, String procedure, Boolean bCheck)
   在 Oracle.DataAccess.Client.OracleException.HandleError(Int32 errCode, OracleConnection conn, String procedure, IntPtr opsErrCtx, OpoSqlValCtx* pOpoSqlValCtx, Object src, Boolean bCheck)
   在 Oracle.DataAccess.Client.OracleCommand.ExecuteReader(Boolean requery, Boolean fillRequest, CommandBehavior behavior)
   在 Oracle.DataAccess.Client.OracleDataAdapter.Fill(DataSet dataSet, Int32 startRecord, Int32 maxRecords, String srcTable, IDbCommand command, CommandBehavior behavior)
   在 System.Data.Common.DbDataAdapter.Fill(DataSet dataSet, String srcTable)
   在 Dropthings.Data.OracleHelper.ExecuteDateSet(String SQLString, OracleParameter[] cmdParms) 位置 D:\项目\anjian\Dropthings.Data\DB\OracleHelper.cs:行号 183
   在 Dropthings.Data.UsersEntity.UsersDAO.Find(String strWhere, OracleParameter[] parameters) 位置 D:\项目\anjian\Dropthings.Data\UserEntity.cs:行号 514
   在 Dropthings.Data.Repository.UserRepository.<>c__DisplayClass8.<GetUserFromUserName>b__7() 位置 D:\项目\anjian\Dropthings.Data\Repository\UserRepository.cs:行号 118
   在 OmarALZabir.AspectF.AspectExtensions.GetListFromSource[TReturnType](AspectF aspect, ICache cacheResolver, String key) 位置 D:\work\RND\AspectF\AspectF_Src\AspectF\AspectF.cs:行号 564
   在 OmarALZabir.AspectF.AspectExtensions.Cache[TReturnType](AspectF aspect, ICache cacheResolver, String key, Action work, Func`2 foundInCache) 位置 D:\work\RND\AspectF\AspectF_Src\AspectF\AspectF.cs:行号 511
   在 OmarALZabir.AspectF.AspectExtensions.<>c__DisplayClass56`1.<Cache>b__54(Action work) 位置 D:\work\RND\AspectF\AspectF_Src\AspectF\AspectF.cs:行号 417
   在 OmarALZabir.AspectF.AspectF.Return[TReturnType](Func`1 work) 位置 D:\work\RND\AspectF\AspectF_Src\AspectF\AspectF.cs:行号 103
   在 Dropthings.Data.Repository.UserRepository.GetUserFromUserName(String userName) 位置 D:\项目\anjian\Dropthings.Data\Repository\UserRepository.cs:行号 115
   在 Dropthings.Data.Repository.UserRepository.GetUserIDFromUserName(String userName) 位置 D:\项目\anjian\Dropthings.Data\Repository\UserRepository.cs:行号 123
   在 Dropthings.Business.Facade.Facade.GetUserIDFromUserName(String userName) 位置 D:\项目\anjian\Dropthings.Business.Facade\Facade.User.cs:行号 182
   在 Dropthings.Business.Facade.Facade.<>c__DisplayClassbd.<RepeatVisitHomeTab>b__bc() 位置 D:\项目\anjian\Dropthings.Business.Facade\Facade.Visit.cs:行号 110
   在 OmarALZabir.AspectF.AspectF.Return[TReturnType](Func`1 work) 位置 D:\work\RND\AspectF\AspectF_Src\AspectF\AspectF.cs:行号 98
   在 Dropthings.Business.Facade.Facade.RepeatVisitHomeTab(String userName, String pageTitle, Boolean isAnonymous, Boolean isFirstVisitAfterLogin) 位置 D:\项目\anjian\Dropthings.Business.Facade\Facade.Visit.cs:行号 103
   在 _Default.<>c__DisplayClass9.<LoadUserPageSetup>b__8() 位置 d:\项目\anjian\Dropthings\Default.aspx.cs:行号 181
   在 OmarALZabir.AspectF.AspectExtensions.Retry(Int32 retryDuration, Int32 retryCount, Action`1 errorHandler, Action`1 retryFailed, Action work, ILogger logger) 位置 D:\work\RND\AspectF\AspectF_Src\AspectF\AspectF.cs:行号 191

Additional Info:

MachineName : TONY_GUO
TimeStamp : 2011/11/25 2:56:29
FullName : Microsoft.Practices.EnterpriseLibrary.ExceptionHandling, Version=4.1.0.0, Culture=neutral, PublicKeyToken=31bf3856ad364e35
AppDomainName : 562db8d-3-129666632543755492
ThreadIdentity : TONY_GUO\Administrator
WindowsIdentity : TONY_GUO\Administrator

Category: Exception
Priority: 0
EventId: 100
Severity: Error
Title:Log Exception
Machine: TONY_GUO
Application Domain: 562db8d-3-129666632543755492
Process Id: 4980
Process Name: C:\Program Files\Common Files\Microsoft Shared\DevServer\9.0\WebDev.WebServer.EXE
Win32 Thread Id: 5080
Thread Name: 
Extended Properties: 
----------------------------------------
----------------------------------------
Timestamp: 2015/5/16 5:04:12
Message: HandlingInstanceID: aeb7969d-ff39-4203-9644-b37949f68797
An exception of type 'System.InvalidOperationException' occurred and was caught.
--------------------------------------------------------------------------------
05/16/2015 13:04:12
Type : System.InvalidOperationException, mscorlib, Version=4.0.0.0, Culture=neutral, PublicKeyToken=b77a5c561934e089
Message : 阅读器关闭时尝试调用 Read 无效。
Source : System.Data
Help link : 
Data : System.Collections.ListDictionaryInternal
TargetSite : Boolean TryReadInternal(Boolean, Boolean ByRef)
HResult : -2146233079
Stack Trace :    在 System.Data.SqlClient.SqlDataReader.TryReadInternal(Boolean setTimeout, Boolean& more)
   在 System.Data.SqlClient.SqlDataReader.Read()
   在 Dropthings.Data.ColumnEntity.ColumnDAO.GetColumnsByTabId(Int32 TabId) 位置 d:\gooko\anjian\Dropthings.Data\ColumnEntity.cs:行号 344
   在 Dropthings.Data.Repository.ColumnRepository.<>c__DisplayClass1.<GetColumnsByTabId>b__0() 位置 d:\gooko\anjian\Dropthings.Data\Repository\ColumnRepository.cs:行号 65
   在 OmarALZabir.AspectF.AspectExtensions.GetListFromSource[TReturnType](AspectF aspect, ICache cacheResolver, String key) 位置 D:\work\RND\AspectF\AspectF_Src\AspectF\AspectF.cs:行号 564
   在 OmarALZabir.AspectF.AspectExtensions.Cache[TReturnType](AspectF aspect, ICache cacheResolver, String key, Action work, Func`2 foundInCache) 位置 D:\work\RND\AspectF\AspectF_Src\AspectF\AspectF.cs:行号 511
   在 OmarALZabir.AspectF.AspectExtensions.<>c__DisplayClass56`1.<Cache>b__54(Action work) 位置 D:\work\RND\AspectF\AspectF_Src\AspectF\AspectF.cs:行号 417
   在 OmarALZabir.AspectF.AspectF.Return[TReturnType](Func`1 work) 位置 D:\work\RND\AspectF\AspectF_Src\AspectF\AspectF.cs:行号 103
   在 Dropthings.Data.Repository.ColumnRepository.GetColumnsByTabId(Int32 TabId) 位置 d:\gooko\anjian\Dropthings.Data\Repository\ColumnRepository.cs:行号 62
   在 Dropthings.Business.Facade.Facade.GetColumnsInTab(Int32 pageId) 位置 d:\gooko\anjian\Dropthings.Business.Facade\Facade.Page.cs:行号 36
   在 WidgetTabHost.SetupWidgetZones(String widgetContainerPath) 位置 d:\gooko\anjian\Dropthings\WidgetTabHost.ascx.cs:行号 108
   在 WidgetTabHost.LoadWidgets(PageEntity tab, String widgetContainerPath) 位置 d:\gooko\anjian\Dropthings\WidgetTabHost.ascx.cs:行号 88
   在 _Default.<>c__DisplayClass6.<CreateChildControls>b__3() 位置 d:\gooko\anjian\Dropthings\Default.aspx.cs:行号 133
   在 OmarALZabir.AspectF.AspectExtensions.<>c__DisplayClass38.<Log>b__37(Action work) 位置 D:\work\RND\AspectF\AspectF_Src\AspectF\AspectF.cs:行号 307
   在 OmarALZabir.AspectF.AspectF.<>c__DisplayClass4.<>c__DisplayClass6.<Combine>b__1() 位置 D:\work\RND\AspectF\AspectF_Src\AspectF\AspectF.cs:行号 62
   在 OmarALZabir.AspectF.AspectExtensions.Retry(Int32 retryDuration, Int32 retryCount, Action`1 errorHandler, Action`1 retryFailed, Action work, ILogger logger) 位置 D:\work\RND\AspectF\AspectF_Src\AspectF\AspectF.cs:行号 191

Additional Info:

MachineName : WINDOWS-CL3DG12
TimeStamp : 2015/5/16 5:04:12
FullName : Microsoft.Practices.EnterpriseLibrary.ExceptionHandling, Version=4.1.0.0, Culture=neutral, PublicKeyToken=31bf3856ad364e35
AppDomainName : /LM/W3SVC/30/ROOT-1-130762261183235106
ThreadIdentity : 
WindowsIdentity : WINDOWS-CL3DG12\Administrator

Category: Exception
Priority: 0
EventId: 100
Severity: Error
Title:Log Exception
Machine: WINDOWS-CL3DG12
Application Domain: /LM/W3SVC/30/ROOT-1-130762261183235106
Process Id: 5576
Process Name: C:\Program Files (x86)\IIS Express\iisexpress.exe
Win32 Thread Id: 5516
Thread Name: 
Extended Properties: 
----------------------------------------
----------------------------------------
Timestamp: 2015/5/16 5:04:14
Message: HandlingInstanceID: 35e3ddf9-6a9f-421f-93c9-0d1426609f5b
An exception of type 'System.InvalidOperationException' occurred and was caught.
--------------------------------------------------------------------------------
05/16/2015 13:04:14
Type : System.InvalidOperationException, mscorlib, Version=4.0.0.0, Culture=neutral, PublicKeyToken=b77a5c561934e089
Message : 阅读器关闭时尝试调用 Read 无效。
Source : System.Data
Help link : 
Data : System.Collections.ListDictionaryInternal
TargetSite : Boolean TryReadInternal(Boolean, Boolean ByRef)
HResult : -2146233079
Stack Trace :    在 System.Data.SqlClient.SqlDataReader.TryReadInternal(Boolean setTimeout, Boolean& more)
   在 System.Data.SqlClient.SqlDataReader.Read()
   在 Dropthings.Data.ColumnEntity.ColumnDAO.GetColumnsByTabId(Int32 TabId) 位置 d:\gooko\anjian\Dropthings.Data\ColumnEntity.cs:行号 344
   在 Dropthings.Data.Repository.ColumnRepository.<>c__DisplayClass1.<GetColumnsByTabId>b__0() 位置 d:\gooko\anjian\Dropthings.Data\Repository\ColumnRepository.cs:行号 65
   在 OmarALZabir.AspectF.AspectExtensions.GetListFromSource[TReturnType](AspectF aspect, ICache cacheResolver, String key) 位置 D:\work\RND\AspectF\AspectF_Src\AspectF\AspectF.cs:行号 564
   在 OmarALZabir.AspectF.AspectExtensions.Cache[TReturnType](AspectF aspect, ICache cacheResolver, String key, Action work, Func`2 foundInCache) 位置 D:\work\RND\AspectF\AspectF_Src\AspectF\AspectF.cs:行号 511
   在 OmarALZabir.AspectF.AspectExtensions.<>c__DisplayClass56`1.<Cache>b__54(Action work) 位置 D:\work\RND\AspectF\AspectF_Src\AspectF\AspectF.cs:行号 417
   在 OmarALZabir.AspectF.AspectF.Return[TReturnType](Func`1 work) 位置 D:\work\RND\AspectF\AspectF_Src\AspectF\AspectF.cs:行号 103
   在 Dropthings.Data.Repository.ColumnRepository.GetColumnsByTabId(Int32 TabId) 位置 d:\gooko\anjian\Dropthings.Data\Repository\ColumnRepository.cs:行号 62
   在 Dropthings.Business.Facade.Facade.GetColumnsInTab(Int32 pageId) 位置 d:\gooko\anjian\Dropthings.Business.Facade\Facade.Page.cs:行号 36
   在 WidgetTabHost.SetupWidgetZones(String widgetContainerPath) 位置 d:\gooko\anjian\Dropthings\WidgetTabHost.ascx.cs:行号 108
   在 WidgetTabHost.LoadWidgets(PageEntity tab, String widgetContainerPath) 位置 d:\gooko\anjian\Dropthings\WidgetTabHost.ascx.cs:行号 88
   在 _Default.<>c__DisplayClass6.<CreateChildControls>b__3() 位置 d:\gooko\anjian\Dropthings\Default.aspx.cs:行号 133
   在 OmarALZabir.AspectF.AspectExtensions.<>c__DisplayClass38.<Log>b__37(Action work) 位置 D:\work\RND\AspectF\AspectF_Src\AspectF\AspectF.cs:行号 307
   在 OmarALZabir.AspectF.AspectF.<>c__DisplayClass4.<>c__DisplayClass6.<Combine>b__1() 位置 D:\work\RND\AspectF\AspectF_Src\AspectF\AspectF.cs:行号 62
   在 OmarALZabir.AspectF.AspectExtensions.Retry(Int32 retryDuration, Int32 retryCount, Action`1 errorHandler, Action`1 retryFailed, Action work, ILogger logger) 位置 D:\work\RND\AspectF\AspectF_Src\AspectF\AspectF.cs:行号 191

Additional Info:

MachineName : WINDOWS-CL3DG12
TimeStamp : 2015/5/16 5:04:14
FullName : Microsoft.Practices.EnterpriseLibrary.ExceptionHandling, Version=4.1.0.0, Culture=neutral, PublicKeyToken=31bf3856ad364e35
AppDomainName : /LM/W3SVC/30/ROOT-1-130762261183235106
ThreadIdentity : 
WindowsIdentity : WINDOWS-CL3DG12\Administrator

Category: Exception
Priority: 0
EventId: 100
Severity: Error
Title:Log Exception
Machine: WINDOWS-CL3DG12
Application Domain: /LM/W3SVC/30/ROOT-1-130762261183235106
Process Id: 5576
Process Name: C:\Program Files (x86)\IIS Express\iisexpress.exe
Win32 Thread Id: 5516
Thread Name: 
Extended Properties: 
----------------------------------------
